C51 COMPILER V9.57.0.0   8266                                                              07/04/2021 23:05:46 PAGE 1   


C51 COMPILER V9.57.0.0, COMPILATION OF MODULE 8266
OBJECT MODULE PLACED IN .\Objects\8266.obj
COMPILER INVOKED BY: C:\Program Files\Keil C51\C51\BIN\C51.EXE 8266.c LARGE OPTIMIZE(8,SPEED) BROWSE DEBUG OBJECTEXTEND 
                    -PRINT(.\Listings\8266.lst) TABS(2) OBJECT(.\Objects\8266.obj)

line level    source

   1          #include "8266.h"
   2          void init_8266(void)
   3          {
   4   1        printf("AT+CWMODE_DEF=2\r\n");
   5   1        delay_ms(300);
   6   1        printf("AT+RST\r\n");
   7   1        delay_ms(1200);
   8   1        printf("AT+CIPMUX=1\r\n");
   9   1        delay_ms(300);
  10   1        printf("AT+CIPSERVER=1,6666\r\n");
  11   1        delay_ms(300);
  12   1      }


MODULE INFORMATION:   STATIC OVERLAYABLE
   CODE SIZE        =     64    ----
   CONSTANT SIZE    =     63    ----
   XDATA SIZE       =   ----    ----
   PDATA SIZE       =   ----    ----
   DATA SIZE        =   ----    ----
   IDATA SIZE       =   ----    ----
   BIT SIZE         =   ----    ----
END OF MODULE INFORMATION.


C51 COMPILATION COMPLETE.  0 WARNING(S),  0 ERROR(S)
