C51 COMPILER V9.57.0.0   ADC                                                               07/03/2021 16:07:01 PAGE 1   


C51 COMPILER V9.57.0.0, COMPILATION OF MODULE ADC
OBJECT MODULE PLACED IN .\Objects\ADC.obj
COMPILER INVOKED BY: C:\Program Files\Keil C51\C51\BIN\C51.EXE ADC.c LARGE OPTIMIZE(8,SPEED) BROWSE DEBUG OBJECTEXTEND P
                    -RINT(.\Listings\ADC.lst) TABS(2) OBJECT(.\Objects\ADC.obj)

line level    source

   1          
   2          #include "stc8.h"
   3          #include "ADC.h"
   4          #include "intrins.h"
   5          
   6          
   7          void ADCInit() 
   8          {
   9   1        P_SW2 |= 0x80;//访问特殊功能寄存器
  10   1         ADCTIM = 0x3f;//设置ADC内部时序
  11   1        P_SW2 &= 0x7f;//关闭
  12   1        ADCCFG = 0x2f;//数据右对齐，设置工作频率
  13   1        ADC_CONTR = 0x83;//开启，设置P3.3为通道,
  14   1       }
  15           void ADCInitInside() 
  16          {
  17   1        P_SW2 |= 0x80;//访问特殊功能寄存器
  18   1         ADCTIM = 0x3f;//设置ADC内部时序
  19   1        P_SW2 &= 0x7f;//关闭
  20   1        ADCCFG = 0x2f;//数据右对齐，设置工作频率
  21   1        ADC_CONTR = 0x8f;//开启，0x8f为内部参考电压
  22   1       }
  23          int ADCRead() 
  24          {
  25   1       int res; 
  26   1       ADC_CONTR |= 0x40;//启动AD转换
  27   1       _nop_();
  28   1       _nop_(); 
  29   1       while (!(ADC_CONTR & 0x20)); //检测到转换结束
  30   1       ADC_CONTR &= ~0x20;//清标志位
  31   1       res = (ADC_RES << 8) | ADC_RESL; //送数据
  32   1       return res; 
  33   1      }


MODULE INFORMATION:   STATIC OVERLAYABLE
   CODE SIZE        =     60    ----
   CONSTANT SIZE    =   ----    ----
   XDATA SIZE       =   ----    ----
   PDATA SIZE       =   ----    ----
   DATA SIZE        =   ----    ----
   IDATA SIZE       =   ----    ----
   BIT SIZE         =   ----    ----
END OF MODULE INFORMATION.


C51 COMPILATION COMPLETE.  0 WARNING(S),  0 ERROR(S)
