C51 COMPILER V9.57.0.0   SGP30                                                             07/03/2021 16:07:01 PAGE 1   


C51 COMPILER V9.57.0.0, COMPILATION OF MODULE SGP30
OBJECT MODULE PLACED IN .\Objects\SGP30.obj
COMPILER INVOKED BY: C:\Program Files\Keil C51\C51\BIN\C51.EXE SGP30.c LARGE OPTIMIZE(8,SPEED) BROWSE DEBUG OBJECTEXTEND
                    - PRINT(.\Listings\SGP30.lst) TABS(2) OBJECT(.\Objects\SGP30.obj)

line level    source

   1          
   2          
   3          #include "SGP30.h" 
   4          
   5          //初始化IIC接口
   6          void SGP30_Init(void)
   7          {
   8   1        SGP30_ad_write(0x20,0x03);
   9   1      //  SGP30_ad_write(0x20,0x61);
  10   1      //  SGP30_ad_write(0x01,0x00);
  11   1      }
  12          
  13          void SGP30_ad_write(uchar a, uchar b)
  14          {
  15   1          I2CStart();
  16   1          I2C_Write_Byte(SGP30_write); //发送器件地址+写指令
  17   1          I2C_Write_Byte(a);    //发送控制字节
  18   1          I2C_Write_Byte(b);
  19   1          I2CStop();
  20   1          delay_ms(100);
  21   1      }
  22          
  23          unsigned long SGP30_ad_read(void)
  24          {
  25   1          unsigned long dat;
  26   1          int crc;
  27   1          I2CStart();
  28   1          I2C_Write_Byte(SGP30_read); //发送器件地址+读指令
  29   1          dat = I2C_Read_Byte(ACK);
  30   1          dat <<= 8;
  31   1          dat += I2C_Read_Byte(ACK);
  32   1          crc = I2C_Read_Byte(ACK); //check数据，舍去
  33   1          crc = crc;             //避免编译产生警告，这句可有可无
  34   1          dat <<= 8;
  35   1          dat += I2C_Read_Byte(ACK);
  36   1          dat <<= 8;
  37   1          dat += I2C_Read_Byte(NACK);
  38   1          I2CStop();
  39   1          return(dat);
  40   1      }


MODULE INFORMATION:   STATIC OVERLAYABLE
   CODE SIZE        =    341    ----
   CONSTANT SIZE    =   ----    ----
   XDATA SIZE       =   ----       6
   PDATA SIZE       =   ----    ----
   DATA SIZE        =   ----    ----
   IDATA SIZE       =   ----    ----
   BIT SIZE         =   ----    ----
END OF MODULE INFORMATION.


C51 COMPILATION COMPLETE.  0 WARNING(S),  0 ERROR(S)
