C51 COMPILER V9.57.0.0   UART                                                              07/05/2021 00:54:52 PAGE 1   


C51 COMPILER V9.57.0.0, COMPILATION OF MODULE UART
OBJECT MODULE PLACED IN .\Objects\uart.obj
COMPILER INVOKED BY: C:\Program Files\Keil C51\C51\BIN\C51.EXE uart.c LARGE OPTIMIZE(8,SPEED) BROWSE DEBUG OBJECTEXTEND 
                    -PRINT(.\Listings\uart.lst) TABS(2) OBJECT(.\Objects\uart.obj)

line level    source

   1          
   2          #include "uart.h"
   3          #include "stc8.h" 
   4          //stc8-8pin 只有串口1
   5          //串口 1 使用定时器 1（模式 0）做波特率发生器
   6          unsigned char *pchar;       //定义一个全局指针
   7          
   8          //----------------------------------------------------------   
   9          //  函数名称：void IniSerialPort(void)   
  10          //  函数功能：串口初始化   
  11          //----------------------------------------------------------   
  12          void InitSerialPort(void)
  13          { 
  14   1          SCON = 0x50; 
  15   1          TMOD = 0x00;
  16   1          TL1 = BRT; 
  17   1          TH1 = BRT >> 8;
  18   1          TR1 = 1;
  19   1          AUXR = 0x40;//0x41为使用定时器2（使用哪个定时器都不影响正常工作）
  20   1      
  21   1      }
  22          //----------------------------------------------------------   
  23          //  函数名称：unsigned char ReceiveByte(void)
  24          //  函数功能：查询法接收一个字节   
  25          //----------------------------------------------------------   
  26          //unsigned char ReceiveByte(void)
  27          //{
  28          //     unsigned char rbyte;
  29          //     while(!RI);          //查询接收标志位，是否有数据到达缓冲区
  30          //     RI=0;              //清零接收标志位
  31          //     rbyte=SBUF;          //从缓冲区读取数据
  32          //     return rbyte;
  33          //}
  34          //----------------------------------------------------------   
  35          //  函数名称：void SendByte(unsigned char sbyte)
  36          //  函数功能：串口发送一个字节
  37          //----------------------------------------------------------   
  38          //void SendByte(unsigned char sbyte)
  39          //{  
  40          //     SBUF=sbyte;          //发送数据
  41          //     while(!TI);          //等待发送完成
  42          //     TI=0;              //清零发送标志位
  43          //}
  44          //----------------------------------------------------------   
  45          //  函数名称：void SendString(unsigned char *pstr)
  46          //  函数功能：串口发送一个字符串
  47          //----------------------------------------------------------   
  48          //void SendString(unsigned char *pstr)
  49          //{
  50          //     while(*pstr!='\0')       //字符串是否发完
  51          //     {
  52          //         SendByte(*pstr);     //发送字符串数据
  53          //         pstr++;          //指向下一个字符
  54          //     } 
C51 COMPILER V9.57.0.0   UART                                                              07/05/2021 00:54:52 PAGE 2   

  55          //}
  56          //----------------------------------------------------------   
  57          //  函数名称：void SerialPortInte(void)
  58          //  函数功能：串口中断方式接收一个字符
  59          //----------------------------------------------------------   
  60          void SerialPortInte(void) interrupt 4 
  61          { 
  62   1           RI=0;                //清零接收标志位
  63   1           *pchar=SBUF;         //读取缓冲区的数据
  64   1      }
  65          
  66          void putchar(char c){
  67   1          ES = 0;
  68   1          SBUF = c;
  69   1          while(TI==0);
  70   1          TI = 0;
  71   1          ES = 1;
  72   1      }
  73          /**********************************THE END**********************************/ 


MODULE INFORMATION:   STATIC OVERLAYABLE
   CODE SIZE        =     80    ----
   CONSTANT SIZE    =   ----    ----
   XDATA SIZE       =      3    ----
   PDATA SIZE       =   ----    ----
   DATA SIZE        =   ----    ----
   IDATA SIZE       =   ----    ----
   BIT SIZE         =   ----    ----
END OF MODULE INFORMATION.


C51 COMPILATION COMPLETE.  0 WARNING(S),  0 ERROR(S)
